[debug] [2023-06-03T10:48:09.983Z] ----------------------------------------------------------------------
[debug] [2023-06-03T10:48:09.984Z] Command:       C:\Program Files\nodejs\node.exe C:\Users\sivan\AppData\Roaming\npm\node_modules\firebase-tools\lib\bin\firebase.js init hosting
[debug] [2023-06-03T10:48:09.984Z] CLI Version:   12.3.0
[debug] [2023-06-03T10:48:09.985Z] Platform:      win32
[debug] [2023-06-03T10:48:09.985Z] Node Version:  v16.15.1
[debug] [2023-06-03T10:48:09.986Z] Time:          Sat Jun 03 2023 16:18:09 GMT+0530 (India Standard Time)
[debug] [2023-06-03T10:48:09.986Z] ----------------------------------------------------------------------
[debug] 
[debug] [2023-06-03T10:48:09.993Z] > command requires scopes: ["email","openid","https://www.googleapis.com/auth/cloudplatformprojects.readonly","https://www.googleapis.com/auth/firebase","https://www.googleapis.com/auth/cloud-platform"]
[debug] [2023-06-03T10:48:09.994Z] > authorizing via signed-in user (sivanandus2003@gmail.com)
[info] 
     ######## #### ########  ######## ########     ###     ######  ########
     ##        ##  ##     ## ##       ##     ##  ##   ##  ##       ##
     ######    ##  ########  ######   ########  #########  ######  ######
     ##        ##  ##    ##  ##       ##     ## ##     ##       ## ##
     ##       #### ##     ## ######## ########  ##     ##  ######  ########

You're about to initialize a Firebase project in this directory:

  C:\Users\sivan\NANDU\dev\Projects\Web\Full-Stack-Front-End\front-end

[info] 
=== Project Setup
[info] 
[info] First, let's associate this project directory with a Firebase project.
[info] You can create multiple project aliases by running firebase use --add, 
[info] but for now we'll just set up a default project.
[info] 
[debug] [2023-06-03T10:48:13.681Z] >>> [apiv2][query] GET https://firebase.googleapis.com/v1beta1/projects pageSize=100
[debug] [2023-06-03T10:48:14.576Z] <<< [apiv2][status] GET https://firebase.googleapis.com/v1beta1/projects 200
[debug] [2023-06-03T10:48:14.577Z] <<< [apiv2][body] GET https://firebase.googleapis.com/v1beta1/projects [omitted]
[info] i  Using project production-based-siva-nandu-s (production-based-Siva-Nandu-S) 
[info] 
=== Hosting Setup
[info] 
[info] Your public directory is the folder (relative to your project directory) that
[info] will contain Hosting assets to be uploaded with firebase deploy. If you
[info] have a build process for your assets, use your build's output directory.
[info] 
[debug] [2023-06-03T10:48:29.754Z] >>> [apiv2][query] GET https://www.gstatic.com/firebasejs/releases.json [none]
[debug] [2023-06-03T10:48:30.086Z] <<< [apiv2][status] GET https://www.gstatic.com/firebasejs/releases.json 200
[debug] [2023-06-03T10:48:30.086Z] <<< [apiv2][body] GET https://www.gstatic.com/firebasejs/releases.json {"current":{"version":"9.22.1","browserURL":"https://www.gstatic.com/firebasejs/9.22.1/firebase.js","packageURL":"https://www.gstatic.com/firebasejs/9.22.1/firebase.tgz"},"live":{"version":"9.22","browserURL":"https://www.gstatic.com/firebasejs/live/9.22/firebase.js","packageURL":"https://www.gstatic.com/firebasejs/live/9.22/firebase.tgz"},"components":{"analytics":"https://www.gstatic.com/firebasejs/9.22.1/firebase-analytics.js","app":"https://www.gstatic.com/firebasejs/9.22.1/firebase-app.js","app-check":"https://www.gstatic.com/firebasejs/9.22.1/firebase-app-check.js","auth":"https://www.gstatic.com/firebasejs/9.22.1/firebase-auth.js","auth/cordova":"https://www.gstatic.com/firebasejs/9.22.1/firebase-auth/cordova.js","auth/react-native":"https://www.gstatic.com/firebasejs/9.22.1/firebase-auth/react-native.js","functions":"https://www.gstatic.com/firebasejs/9.22.1/firebase-functions.js","firestore":"https://www.gstatic.com/firebasejs/9.22.1/firebase-firestore.js","firestore/lite":"https://www.gstatic.com/firebasejs/9.22.1/firebase-firestore/lite.js","installations":"https://www.gstatic.com/firebasejs/9.22.1/firebase-installations.js","storage":"https://www.gstatic.com/firebasejs/9.22.1/firebase-storage.js","performance":"https://www.gstatic.com/firebasejs/9.22.1/firebase-performance.js","remote-config":"https://www.gstatic.com/firebasejs/9.22.1/firebase-remote-config.js","messaging":"https://www.gstatic.com/firebasejs/9.22.1/firebase-messaging.js","messaging/sw":"https://www.gstatic.com/firebasejs/9.22.1/firebase-messaging/sw.js","database":"https://www.gstatic.com/firebasejs/9.22.1/firebase-database.js","firestore.memory":"https://www.gstatic.com/firebasejs/9.22.1/firebase-firestore.memory.js"}}
[info] +  Wrote build/index.html 
[info] 
[info] i  Detected a .git folder at C:\Users\sivan\NANDU\dev\Projects\Web\Full-Stack-Front-End\front-end 
[info] i  Authorizing with GitHub to upload your service account to a GitHub repository's secrets store. 
[info] 
[info] Visit this URL on this device to log in:
[info] https://github.com/login/oauth/authorize?client_id=89cf50f02ac6aaed3484&state=177036389&redirect_uri=http%3A%2F%2Flocalhost%3A9005&scope=read%3Auser%20repo%20public_repo
[info] 
[info] Waiting for authentication...
[debug] [2023-06-03T10:48:31.135Z] >>> [apiv2][query] POST https://github.com/login/oauth/access_token [none]
[debug] [2023-06-03T10:48:31.135Z] >>> [apiv2][body] POST https://github.com/login/oauth/access_token [stream]
[debug] [2023-06-03T10:48:31.586Z] <<< [apiv2][status] POST https://github.com/login/oauth/access_token 200
[debug] [2023-06-03T10:48:31.586Z] <<< [apiv2][body] POST https://github.com/login/oauth/access_token {"access_token":"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","token_type":"bearer","scope":"read:user,repo"}
[debug] [2023-06-03T10:48:31.618Z] >>> [apiv2][query] GET https://api.github.com/user [none]
[debug] [2023-06-03T10:48:32.131Z] <<< [apiv2][status] GET https://api.github.com/user 200
[debug] [2023-06-03T10:48:32.132Z] <<< [apiv2][body] GET https://api.github.com/user {"login":"Siva-Nandu-S","id":96857697,"node_id":"U_kgDOBcXuYQ","avatar_url":"https://avatars.githubusercontent.com/u/96857697?v=4","gravatar_id":"","url":"https://api.github.com/users/Siva-Nandu-S","html_url":"https://github.com/Siva-Nandu-S","followers_url":"https://api.github.com/users/Siva-Nandu-S/followers","following_url":"https://api.github.com/users/Siva-Nandu-S/following{/other_user}","gists_url":"https://api.github.com/users/Siva-Nandu-S/gists{/gist_id}","starred_url":"https://api.github.com/users/Siva-Nandu-S/starred{/owner}{/repo}","subscriptions_url":"https://api.github.com/users/Siva-Nandu-S/subscriptions","organizations_url":"https://api.github.com/users/Siva-Nandu-S/orgs","repos_url":"https://api.github.com/users/Siva-Nandu-S/repos","events_url":"https://api.github.com/users/Siva-Nandu-S/events{/privacy}","received_events_url":"https://api.github.com/users/Siva-Nandu-S/received_events","type":"User","site_admin":false,"name":"SIVA NANDU S","company":null,"blog":"","location":null,"email":null,"hireable":null,"bio":null,"twitter_username":null,"public_repos":7,"public_gists":0,"followers":1,"following":1,"created_at":"2021-12-30T05:20:20Z","updated_at":"2023-05-29T16:09:30Z","private_gists":0,"total_private_repos":0,"owned_private_repos":0,"disk_usage":34361,"collaborators":0,"two_factor_authentication":false,"plan":{"name":"free","space":976562499,"collaborators":0,"private_repos":10000}}
[info] 
[info] +  Success! Logged into GitHub as Siva-Nandu-S 
[info] 
[debug] [2023-06-03T10:48:56.257Z] >>> [apiv2][query] GET https://api.github.com/repos/Siva-Nandu-S/Product-Based-FrontEnd/actions/secrets/public-key type=owner
[debug] [2023-06-03T10:49:01.828Z] <<< [apiv2][status] GET https://api.github.com/repos/Siva-Nandu-S/Product-Based-FrontEnd/actions/secrets/public-key 404
[debug] [2023-06-03T10:49:01.828Z] <<< [apiv2][body] GET https://api.github.com/repos/Siva-Nandu-S/Product-Based-FrontEnd/actions/secrets/public-key {"message":"Not Found","documentation_url":"https://docs.github.com/rest/reference/actions#get-a-repository-public-key"}
[info] 
[info] 
[error] !  The provided authorization cannot be used with this repository. If this repository is in an organization, did you remember to grant access? 
[info] 
[info] i  Action required: Visit this URL to ensure access has been granted to the appropriate organization(s) for the Firebase CLI GitHub OAuth App: 
[info] https://github.com/settings/connections/applications/89cf50f02ac6aaed3484
[info] 
[debug] [2023-06-03T10:49:44.259Z] >>> [apiv2][query] GET https://api.github.com/repos/Siva-Nandu-S/Product-Based-FrontEnd/actions/secrets/public-key type=owner
[debug] [2023-06-03T10:49:44.678Z] <<< [apiv2][status] GET https://api.github.com/repos/Siva-Nandu-S/Product-Based-FrontEnd/actions/secrets/public-key 404
[debug] [2023-06-03T10:49:44.678Z] <<< [apiv2][body] GET https://api.github.com/repos/Siva-Nandu-S/Product-Based-FrontEnd/actions/secrets/public-key {"message":"Not Found","documentation_url":"https://docs.github.com/rest/reference/actions#get-a-repository-public-key"}
[info] 
[info] 
[error] !  The provided authorization cannot be used with this repository. If this repository is in an organization, did you remember to grant access? 
[info] 
[info] i  Action required: Visit this URL to ensure access has been granted to the appropriate organization(s) for the Firebase CLI GitHub OAuth App: 
[info] https://github.com/settings/connections/applications/89cf50f02ac6aaed3484
[info] 
[debug] [2023-06-03T10:50:10.372Z] >>> [apiv2][query] GET https://api.github.com/repos/Siva-Nandu-S/Product-Based-FrontEnd/actions/secrets/public-key type=owner
[debug] [2023-06-03T10:50:10.755Z] <<< [apiv2][status] GET https://api.github.com/repos/Siva-Nandu-S/Product-Based-FrontEnd/actions/secrets/public-key 401
[debug] [2023-06-03T10:50:10.756Z] <<< [apiv2][body] GET https://api.github.com/repos/Siva-Nandu-S/Product-Based-FrontEnd/actions/secrets/public-key {"message":"Bad credentials","documentation_url":"https://docs.github.com/rest"}
[debug] [2023-06-03T10:50:14.010Z] >>> [apiv2][query] GET https://api.github.com/repos/Siva-Nandu-S/Product-Based-FrontEnd/actions/secrets/public-key type=owner
[debug] [2023-06-03T10:50:14.374Z] <<< [apiv2][status] GET https://api.github.com/repos/Siva-Nandu-S/Product-Based-FrontEnd/actions/secrets/public-key 401
[debug] [2023-06-03T10:50:14.374Z] <<< [apiv2][body] GET https://api.github.com/repos/Siva-Nandu-S/Product-Based-FrontEnd/actions/secrets/public-key {"message":"Bad credentials","documentation_url":"https://docs.github.com/rest"}
[debug] [2023-06-03T10:50:15.279Z] >>> [apiv2][query] GET https://api.github.com/repos/Siva-Nandu-S/Product-Based-FrontEnd/actions/secrets/public-key type=owner
[debug] [2023-06-03T10:50:15.664Z] <<< [apiv2][status] GET https://api.github.com/repos/Siva-Nandu-S/Product-Based-FrontEnd/actions/secrets/public-key 401
[debug] [2023-06-03T10:50:15.664Z] <<< [apiv2][body] GET https://api.github.com/repos/Siva-Nandu-S/Product-Based-FrontEnd/actions/secrets/public-key {"message":"Bad credentials","documentation_url":"https://docs.github.com/rest"}
[debug] [2023-06-03T10:50:16.159Z] >>> [apiv2][query] GET https://api.github.com/repos/Siva-Nandu-S/Product-Based-FrontEnd/actions/secrets/public-key type=owner
[debug] [2023-06-03T10:50:16.620Z] <<< [apiv2][status] GET https://api.github.com/repos/Siva-Nandu-S/Product-Based-FrontEnd/actions/secrets/public-key 401
[debug] [2023-06-03T10:50:16.621Z] <<< [apiv2][body] GET https://api.github.com/repos/Siva-Nandu-S/Product-Based-FrontEnd/actions/secrets/public-key {"message":"Bad credentials","documentation_url":"https://docs.github.com/rest"}
[debug] [2023-06-03T10:57:11.651Z] >>> [apiv2][query] GET https://api.github.com/repos/Siva-Nandu-S/Production-Based-FrontEnd/actions/secrets/public-key type=owner
[debug] [2023-06-03T10:57:12.075Z] <<< [apiv2][status] GET https://api.github.com/repos/Siva-Nandu-S/Production-Based-FrontEnd/actions/secrets/public-key 401
[debug] [2023-06-03T10:57:12.075Z] <<< [apiv2][body] GET https://api.github.com/repos/Siva-Nandu-S/Production-Based-FrontEnd/actions/secrets/public-key {"message":"Bad credentials","documentation_url":"https://docs.github.com/rest"}
[debug] [2023-06-03T10:57:12.969Z] >>> [apiv2][query] GET https://api.github.com/repos/Siva-Nandu-S/Production-Based-FrontEnd/actions/secrets/public-key type=owner
[debug] [2023-06-03T10:57:13.348Z] <<< [apiv2][status] GET https://api.github.com/repos/Siva-Nandu-S/Production-Based-FrontEnd/actions/secrets/public-key 401
[debug] [2023-06-03T10:57:13.349Z] <<< [apiv2][body] GET https://api.github.com/repos/Siva-Nandu-S/Production-Based-FrontEnd/actions/secrets/public-key {"message":"Bad credentials","documentation_url":"https://docs.github.com/rest"}
[debug] [2023-06-03T10:57:13.755Z] >>> [apiv2][query] GET https://api.github.com/repos/Siva-Nandu-S/Production-Based-FrontEnd/actions/secrets/public-key type=owner
[debug] [2023-06-03T10:57:14.124Z] <<< [apiv2][status] GET https://api.github.com/repos/Siva-Nandu-S/Production-Based-FrontEnd/actions/secrets/public-key 401
[debug] [2023-06-03T10:57:14.124Z] <<< [apiv2][body] GET https://api.github.com/repos/Siva-Nandu-S/Production-Based-FrontEnd/actions/secrets/public-key {"message":"Bad credentials","documentation_url":"https://docs.github.com/rest"}
[debug] [2023-06-03T10:57:14.212Z] >>> [apiv2][query] GET https://api.github.com/repos/Siva-Nandu-S/Production-Based-FrontEnd/actions/secrets/public-key type=owner
[debug] [2023-06-03T10:57:14.371Z] >>> [apiv2][query] GET https://api.github.com/repos//actions/secrets/public-key type=owner
[debug] [2023-06-03T10:57:14.560Z] >>> [apiv2][query] GET https://api.github.com/repos//actions/secrets/public-key type=owner
[debug] [2023-06-03T10:57:14.579Z] <<< [apiv2][status] GET https://api.github.com/repos/Siva-Nandu-S/Production-Based-FrontEnd/actions/secrets/public-key 401
[debug] [2023-06-03T10:57:14.579Z] <<< [apiv2][body] GET https://api.github.com/repos/Siva-Nandu-S/Production-Based-FrontEnd/actions/secrets/public-key {"message":"Bad credentials","documentation_url":"https://docs.github.com/rest"}
[debug] [2023-06-03T10:57:14.720Z] >>> [apiv2][query] GET https://api.github.com/repos/Siva-Nandu-S/Production-Based-FrontEnd/actions/secrets/public-key type=owner
[debug] [2023-06-03T10:57:14.762Z] <<< [apiv2][status] GET https://api.github.com/repos//actions/secrets/public-key 401
[debug] [2023-06-03T10:57:14.763Z] <<< [apiv2][body] GET https://api.github.com/repos//actions/secrets/public-key {"message":"Bad credentials","documentation_url":"https://docs.github.com/rest"}
[debug] [2023-06-03T10:57:14.868Z] >>> [apiv2][query] GET https://api.github.com/repos//actions/secrets/public-key type=owner
[debug] [2023-06-03T10:57:14.925Z] <<< [apiv2][status] GET https://api.github.com/repos//actions/secrets/public-key 401
[debug] [2023-06-03T10:57:14.926Z] <<< [apiv2][body] GET https://api.github.com/repos//actions/secrets/public-key {"message":"Bad credentials","documentation_url":"https://docs.github.com/rest"}
[debug] [2023-06-03T10:57:15.090Z] <<< [apiv2][status] GET https://api.github.com/repos/Siva-Nandu-S/Production-Based-FrontEnd/actions/secrets/public-key 401
[debug] [2023-06-03T10:57:15.090Z] <<< [apiv2][body] GET https://api.github.com/repos/Siva-Nandu-S/Production-Based-FrontEnd/actions/secrets/public-key {"message":"Bad credentials","documentation_url":"https://docs.github.com/rest"}
[debug] [2023-06-03T10:57:15.257Z] <<< [apiv2][status] GET https://api.github.com/repos//actions/secrets/public-key 401
[debug] [2023-06-03T10:57:15.257Z] <<< [apiv2][body] GET https://api.github.com/repos//actions/secrets/public-key {"message":"Bad credentials","documentation_url":"https://docs.github.com/rest"}
[debug] [2023-06-03T10:57:15.715Z] >>> [apiv2][query] GET https://api.github.com/repos/Siva-Nandu-S/Production-Based-FrontEnd/actions/secrets/public-key type=owner
[debug] [2023-06-03T10:57:16.088Z] <<< [apiv2][status] GET https://api.github.com/repos/Siva-Nandu-S/Production-Based-FrontEnd/actions/secrets/public-key 401
[debug] [2023-06-03T10:57:16.089Z] <<< [apiv2][body] GET https://api.github.com/repos/Siva-Nandu-S/Production-Based-FrontEnd/actions/secrets/public-key {"message":"Bad credentials","documentation_url":"https://docs.github.com/rest"}
[debug] [2023-06-03T10:58:00.815Z] >>> [apiv2][query] GET https://api.github.com/repos/Siva-Nandu-S/Production-Based-FrontEnd/actions/secrets/public-key type=owner
[debug] [2023-06-03T10:58:01.183Z] <<< [apiv2][status] GET https://api.github.com/repos/Siva-Nandu-S/Production-Based-FrontEnd/actions/secrets/public-key 401
[debug] [2023-06-03T10:58:01.183Z] <<< [apiv2][body] GET https://api.github.com/repos/Siva-Nandu-S/Production-Based-FrontEnd/actions/secrets/public-key {"message":"Bad credentials","documentation_url":"https://docs.github.com/rest"}
